<?xml version="1.0" encoding="UTF-8"?>
<testng-results ignored="0" total="1" passed="1" failed="0" skipped="0">
  <reporter-output>
  </reporter-output>
  <suite started-at="2021-12-27T09:36:04Z" name="Suite" finished-at="2021-12-27T09:36:04Z" duration-ms="82">
    <groups>
    </groups>
    <test started-at="2021-12-27T09:36:04Z" name="Test" finished-at="2021-12-27T09:36:04Z" duration-ms="82">
      <class name="pack1.TestNgTest1">
        <test-method is-config="true" signature="beforeTest()[pri:0, instance:pack1.TestNgTest1@7aaca91a]" started-at="2021-12-27T09:36:04Z" name="beforeTest" finished-at="2021-12-27T09:36:04Z" duration-ms="20" status="PASS">
          <reporter-output>
          </reporter-output>
        </test-method> <!-- beforeTest -->
        <test-method signature="f()[pri:0, instance:pack1.TestNgTest1@7aaca91a]" started-at="2021-12-27T09:36:04Z" name="f" finished-at="2021-12-27T09:36:04Z" duration-ms="9" status="PASS">
          <reporter-output>
          </reporter-output>
        </test-method> <!-- f -->
        <test-method is-config="true" signature="afterTest()[pri:0, instance:pack1.TestNgTest1@7aaca91a]" started-at="2021-12-27T09:36:04Z" name="afterTest" finished-at="2021-12-27T09:36:04Z" duration-ms="0" status="PASS">
          <reporter-output>
          </reporter-output>
        </test-method> <!-- afterTest -->
      </class> <!-- pack1.TestNgTest1 -->
    </test> <!-- Test -->
  </suite> <!-- Suite -->
</testng-results>
